==93135== Memcheck, a memory error detector
==93135== Copyright (C) 2002-2017, and GNU GPL'd, by Julian Seward et al.
==93135== Using Valgrind-3.15.0 and LibVEX; rerun with -h for copyright info
==93135== Command: ./Vector_2-3-b
==93135== Parent PID: 75077
==93135== 
==93135== Mismatched free() / delete / delete []
==93135==    at 0x483D1CF: operator delete(void*, unsigned long) (in /usr/lib/x86_64-linux-gnu/valgrind/vgpreload_memcheck-amd64-linux.so)
==93135==    by 0x109790: Vector::~Vector() (Vector_2-3-b.cpp:20)
==93135==    by 0x109435: main (Vector_2-3-b.cpp:45)
==93135==  Address 0x4db5760 is 0 bytes inside a block of size 24 alloc'd
==93135==    at 0x483C583: operator new[](unsigned long) (in /usr/lib/x86_64-linux-gnu/valgrind/vgpreload_memcheck-amd64-linux.so)
==93135==    by 0x1095E7: Vector::Vector(int) (Vector_2-3-b.cpp:8)
==93135==    by 0x1093BA: main (Vector_2-3-b.cpp:38)
==93135== 
==93135== Mismatched free() / delete / delete []
==93135==    at 0x483CA3F: free (in /usr/lib/x86_64-linux-gnu/valgrind/vgpreload_memcheck-amd64-linux.so)
==93135==    by 0x1094C4: main (Vector_2-3-b.cpp:51)
==93135==  Address 0x4db5940 is 0 bytes inside a block of size 16 alloc'd
==93135==    at 0x483BE63: operator new(unsigned long) (in /usr/lib/x86_64-linux-gnu/valgrind/vgpreload_memcheck-amd64-linux.so)
==93135==    by 0x109674: Vector::operator+(Vector) (Vector_2-3-b.cpp:13)
==93135==    by 0x109425: main (Vector_2-3-b.cpp:45)
==93135== 
==93135== Invalid free() / delete / delete[] / realloc()
==93135==    at 0x483D1CF: operator delete(void*, unsigned long) (in /usr/lib/x86_64-linux-gnu/valgrind/vgpreload_memcheck-amd64-linux.so)
==93135==    by 0x109790: Vector::~Vector() (Vector_2-3-b.cpp:20)
==93135==    by 0x1094D0: main (Vector_2-3-b.cpp:38)
==93135==  Address 0x4db5760 is 0 bytes inside a block of size 24 free'd
==93135==    at 0x483D1CF: operator delete(void*, unsigned long) (in /usr/lib/x86_64-linux-gnu/valgrind/vgpreload_memcheck-amd64-linux.so)
==93135==    by 0x109790: Vector::~Vector() (Vector_2-3-b.cpp:20)
==93135==    by 0x109435: main (Vector_2-3-b.cpp:45)
==93135==  Block was alloc'd at
==93135==    at 0x483C583: operator new[](unsigned long) (in /usr/lib/x86_64-linux-gnu/valgrind/vgpreload_memcheck-amd64-linux.so)
==93135==    by 0x1095E7: Vector::Vector(int) (Vector_2-3-b.cpp:8)
==93135==    by 0x1093BA: main (Vector_2-3-b.cpp:38)
==93135== 
==93135== Mismatched free() / delete / delete []
==93135==    at 0x483D1CF: operator delete(void*, unsigned long) (in /usr/lib/x86_64-linux-gnu/valgrind/vgpreload_memcheck-amd64-linux.so)
==93135==    by 0x109790: Vector::~Vector() (Vector_2-3-b.cpp:20)
==93135==    by 0x1094DC: main (Vector_2-3-b.cpp:30)
==93135==  Address 0x4db5500 is 0 bytes inside a block of size 32 alloc'd
==93135==    at 0x483C583: operator new[](unsigned long) (in /usr/lib/x86_64-linux-gnu/valgrind/vgpreload_memcheck-amd64-linux.so)
==93135==    by 0x1095E7: Vector::Vector(int) (Vector_2-3-b.cpp:8)
==93135==    by 0x10933B: main (Vector_2-3-b.cpp:30)
==93135== 
==93135== 
==93135== HEAP SUMMARY:
==93135==     in use at exit: 56 bytes in 1 blocks
==93135==   total heap usage: 14 allocs, 14 frees, 75,279 bytes allocated
==93135== 
==93135== LEAK SUMMARY:
==93135==    definitely lost: 56 bytes in 1 blocks
==93135==    indirectly lost: 0 bytes in 0 blocks
==93135==      possibly lost: 0 bytes in 0 blocks
==93135==    still reachable: 0 bytes in 0 blocks
==93135==         suppressed: 0 bytes in 0 blocks
==93135== Rerun with --leak-check=full to see details of leaked memory
==93135== 
==93135== For lists of detected and suppressed errors, rerun with: -s
==93135== ERROR SUMMARY: 4 errors from 4 contexts (suppressed: 0 from 0)
